============================================================
<class 'transformers.tokenization_dna.DNATokenizer'>
finish loading examples
number of processes for converting feature: 8
1 processor started !
2 processor started !
3 processor started !
4 processor started !
5 processor started !
6 processor started !
7 processor started !
8 processor started !
finish loading examples
number of processes for converting feature: 2
1 processor started !
2 processor started !
{"eval_acc": 0.04242424242424243, "eval_top10acc": 0.34040404040404043, "eval_f1": 0.006969182961563446, "eval_mcc": 0.014019851555973635, "eval_auc": 0.506708675047233, "eval_precision": 0.004850196357439741, "eval_recall": 0.04242424242424243, "learning_rate": 5.172413793103448e-06, "loss": 3.4658901691436768, "step": 3}
{"eval_acc": 0.04242424242424243, "eval_top10acc": 0.3373737373737374, "eval_f1": 0.00713134109498448, "eval_mcc": 0.01417865622967315, "eval_auc": 0.50531543227468, "eval_precision": 0.005495017800066157, "eval_recall": 0.04242424242424243, "learning_rate": 1.0344827586206897e-05, "loss": 3.476863225301107, "step": 6}
{"eval_acc": 0.04242424242424243, "eval_top10acc": 0.3434343434343434, "eval_f1": 0.008870201171659842, "eval_mcc": 0.012813768873225204, "eval_auc": 0.5093030619676387, "eval_precision": 0.006928496705098766, "eval_recall": 0.04242424242424243, "learning_rate": 1.5517241379310346e-05, "loss": 3.4429825941721597, "step": 9}
{"eval_acc": 0.04242424242424243, "eval_top10acc": 0.3424242424242424, "eval_f1": 0.00887686914625079, "eval_mcc": 0.01128267303780051, "eval_auc": 0.5122652860897375, "eval_precision": 0.005308334958980264, "eval_recall": 0.04242424242424243, "learning_rate": 2.0689655172413793e-05, "loss": 3.4521783192952475, "step": 12}
============================================================
<class 'transformers.tokenization_dna.DNATokenizer'>
{"eval_acc": 0.04242424242424243, "eval_top10acc": 0.33535353535353535, "eval_f1": 0.009191460845124833, "eval_mcc": 0.012543414922416838, "eval_auc": 0.5127756140295324, "eval_precision": 0.0062843130085295466, "eval_recall": 0.04242424242424241, "learning_rate": 1.7241379310344828e-05, "loss": 3.4555617332458497, "step": 10}
{"eval_acc": 0.04242424242424243, "eval_top10acc": 0.33636363636363636, "eval_f1": 0.008347834408331313, "eval_mcc": 0.017784507654188535, "eval_auc": 0.529372090814097, "eval_precision": 0.00812116368766227, "eval_recall": 0.04242424242424243, "learning_rate": 3.4482758620689657e-05, "loss": 3.46592116355896, "step": 20}
{"eval_acc": 0.03737373737373737, "eval_top10acc": 0.3474747474747475, "eval_f1": 0.0049530111238972, "eval_mcc": 0.007968124328136558, "eval_auc": 0.55907085483888, "eval_precision": 0.0028278738805054596, "eval_recall": 0.03737373737373737, "learning_rate": 5.172413793103449e-05, "loss": 3.4203679084777834, "step": 30}
{"eval_acc": 0.03434343434343434, "eval_top10acc": 0.3939393939393939, "eval_f1": 0.003917611136987011, "eval_mcc": 0.009355987557887094, "eval_auc": 0.6396778653831945, "eval_precision": 0.0077845528455284555, "eval_recall": 0.03434343434343434, "learning_rate": 6.896551724137931e-05, "loss": 3.416801428794861, "step": 40}
{"eval_acc": 0.03535353535353535, "eval_top10acc": 0.40404040404040403, "eval_f1": 0.004503259392347914, "eval_mcc": 0.009260681869816238, "eval_auc": 0.6922500870776733, "eval_precision": 0.003806563039723661, "eval_recall": 0.03535353535353535, "learning_rate": 8.620689655172413e-05, "loss": 3.4011502504348754, "step": 50}
{"eval_acc": 0.11616161616161616, "eval_top10acc": 0.48484848484848486, "eval_f1": 0.06952496642402332, "eval_mcc": 0.10338663212680532, "eval_auc": 0.7186515098740804, "eval_precision": 0.07577828038880295, "eval_recall": 0.11616161616161617, "learning_rate": 0.00010344827586206898, "loss": 3.3631267786026, "step": 60}
{"eval_acc": 0.11313131313131314, "eval_top10acc": 0.5656565656565656, "eval_f1": 0.04682005932005932, "eval_mcc": 0.09736032261022337, "eval_auc": 0.7330124653008666, "eval_precision": 0.04879150058601347, "eval_recall": 0.11313131313131315, "learning_rate": 0.0001206896551724138, "loss": 3.313053822517395, "step": 70}
{"eval_acc": 0.11818181818181818, "eval_top10acc": 0.5747474747474748, "eval_f1": 0.066217624804546, "eval_mcc": 0.1060125680000464, "eval_auc": 0.7295536345693086, "eval_precision": 0.12627764959193277, "eval_recall": 0.11818181818181818, "learning_rate": 0.00013793103448275863, "loss": 3.2532676696777343, "step": 80}
{"eval_acc": 0.1494949494949495, "eval_top10acc": 0.6272727272727273, "eval_f1": 0.07310574851303062, "eval_mcc": 0.12735753611296188, "eval_auc": 0.7543902979639657, "eval_precision": 0.07255948691982336, "eval_recall": 0.14949494949494951, "learning_rate": 0.00015517241379310346, "loss": 3.235997200012207, "step": 90}
{"eval_acc": 0.1919191919191919, "eval_top10acc": 0.6858585858585858, "eval_f1": 0.12732412286381628, "eval_mcc": 0.17104078473690243, "eval_auc": 0.7761818815110351, "eval_precision": 0.14068687707256072, "eval_recall": 0.19191919191919193, "learning_rate": 0.00017241379310344826, "loss": 3.1167728662490846, "step": 100}
