============================================================
<class 'transformers.tokenization_dna.DNATokenizer'>
============================================================
<class 'transformers.tokenization_dna.DNATokenizer'>
finish loading examples
number of processes for converting feature: 2
1 processor started !
2 processor started !
{"eval_acc": 0.030303030303030304, "eval_top10acc": 0.32222222222222224, "eval_f1": 0.01842216099607525, "eval_mcc": -0.003359709381043828, "eval_auc": 0.48804238835586794, "eval_precision": 0.052895720519902704, "eval_recall": 0.0303030303030303, "learning_rate": 1.7241379310344828e-05, "loss": 3.42753427028656, "step": 10}
{"eval_acc": 0.04141414141414142, "eval_top10acc": 0.3474747474747475, "eval_f1": 0.026785112810015634, "eval_mcc": 0.008814427315343485, "eval_auc": 0.5223647129603243, "eval_precision": 0.038388135689719376, "eval_recall": 0.04141414141414141, "learning_rate": 3.4482758620689657e-05, "loss": 3.4166268825531008, "step": 20}
{"eval_acc": 0.046464646464646465, "eval_top10acc": 0.44242424242424244, "eval_f1": 0.016490875227939853, "eval_mcc": 0.015822935923707475, "eval_auc": 0.5970668017689961, "eval_precision": 0.08947596284465194, "eval_recall": 0.04646464646464646, "learning_rate": 5.172413793103449e-05, "loss": 3.396295928955078, "step": 30}
{"eval_acc": 0.08484848484848485, "eval_top10acc": 0.46565656565656566, "eval_f1": 0.058235334881700095, "eval_mcc": 0.06017633137753865, "eval_auc": 0.6521853857277056, "eval_precision": 0.10241242654286133, "eval_recall": 0.08484848484848483, "learning_rate": 6.896551724137931e-05, "loss": 3.355234408378601, "step": 40}
{"eval_acc": 0.09696969696969697, "eval_top10acc": 0.5313131313131313, "eval_f1": 0.04149931834853871, "eval_mcc": 0.07647825188402259, "eval_auc": 0.6770231046093116, "eval_precision": 0.1047685395752928, "eval_recall": 0.09696969696969697, "learning_rate": 8.620689655172413e-05, "loss": 3.2969583749771116, "step": 50}
{"eval_acc": 0.16565656565656567, "eval_top10acc": 0.5585858585858586, "eval_f1": 0.1044866989108, "eval_mcc": 0.14359303204861915, "eval_auc": 0.7068205566638168, "eval_precision": 0.13776184137291775, "eval_recall": 0.16565656565656567, "learning_rate": 0.00010344827586206898, "loss": 3.2163959741592407, "step": 60}
{"eval_acc": 0.1484848484848485, "eval_top10acc": 0.602020202020202, "eval_f1": 0.07924245212168723, "eval_mcc": 0.13073478742651404, "eval_auc": 0.7252535807394742, "eval_precision": 0.09764979578947332, "eval_recall": 0.14848484848484847, "learning_rate": 0.0001206896551724138, "loss": 3.1133402824401855, "step": 70}
{"eval_acc": 0.17373737373737375, "eval_top10acc": 0.6080808080808081, "eval_f1": 0.1276617194053434, "eval_mcc": 0.15381090890227775, "eval_auc": 0.7251818076269488, "eval_precision": 0.1264697416011416, "eval_recall": 0.17373737373737372, "learning_rate": 0.00013793103448275863, "loss": 3.0891350984573362, "step": 80}
{"eval_acc": 0.21212121212121213, "eval_top10acc": 0.6595959595959596, "eval_f1": 0.13742004506453806, "eval_mcc": 0.18959798770394856, "eval_auc": 0.7593352543195804, "eval_precision": 0.11590642270787407, "eval_recall": 0.21212121212121207, "learning_rate": 0.00015517241379310346, "loss": 2.93581759929657, "step": 90}
{"eval_acc": 0.16464646464646465, "eval_top10acc": 0.5818181818181818, "eval_f1": 0.12617245490148044, "eval_mcc": 0.14438682005218262, "eval_auc": 0.740507478125033, "eval_precision": 0.16050534276233866, "eval_recall": 0.16464646464646465, "learning_rate": 0.00017241379310344826, "loss": 2.898510146141052, "step": 100}
{"eval_acc": 0.20909090909090908, "eval_top10acc": 0.7, "eval_f1": 0.1447141162666884, "eval_mcc": 0.18705790606035858, "eval_auc": 0.777523405423092, "eval_precision": 0.16715703379451013, "eval_recall": 0.20909090909090908, "learning_rate": 0.00018965517241379312, "loss": 2.888109254837036, "step": 110}
{"eval_acc": 0.21313131313131314, "eval_top10acc": 0.6828282828282828, "eval_f1": 0.17121140562968906, "eval_mcc": 0.19129547954685647, "eval_auc": 0.7806064828008402, "eval_precision": 0.19684532595885543, "eval_recall": 0.21313131313131314, "learning_rate": 0.00019923736892278363, "loss": 2.8086148500442505, "step": 120}
{"eval_acc": 0.21818181818181817, "eval_top10acc": 0.7282828282828283, "eval_f1": 0.19475434790241844, "eval_mcc": 0.19462283555699053, "eval_auc": 0.7870840062062632, "eval_precision": 0.2681540575992602, "eval_recall": 0.21818181818181814, "learning_rate": 0.00019733079122974262, "loss": 2.697939133644104, "step": 130}
{"eval_acc": 0.21212121212121213, "eval_top10acc": 0.7424242424242424, "eval_f1": 0.15825432712276283, "eval_mcc": 0.19390086674579088, "eval_auc": 0.8047254150702426, "eval_precision": 0.23818895543624674, "eval_recall": 0.21212121212121204, "learning_rate": 0.00019542421353670164, "loss": 2.676156783103943, "step": 140}
{"eval_acc": 0.2313131313131313, "eval_top10acc": 0.7545454545454545, "eval_f1": 0.2031983580925692, "eval_mcc": 0.21041737583639408, "eval_auc": 0.8157056457996898, "eval_precision": 0.23018752485534064, "eval_recall": 0.23131313131313125, "learning_rate": 0.00019351763584366064, "loss": 2.6605159521102903, "step": 150}
{"eval_acc": 0.2737373737373737, "eval_top10acc": 0.7484848484848485, "eval_f1": 0.2281272751443656, "eval_mcc": 0.253308873065935, "eval_auc": 0.8046905840009289, "eval_precision": 0.28763321639856876, "eval_recall": 0.2737373737373737, "learning_rate": 0.00019161105815061963, "loss": 2.6300680875778197, "step": 160}
{"eval_acc": 0.26161616161616164, "eval_top10acc": 0.7696969696969697, "eval_f1": 0.21466013005040377, "eval_mcc": 0.24573332421347058, "eval_auc": 0.8185544050747812, "eval_precision": 0.30946062878688235, "eval_recall": 0.2616161616161616, "learning_rate": 0.00018970448045757865, "loss": 2.6271360158920287, "step": 170}
{"eval_acc": 0.2767676767676768, "eval_top10acc": 0.7676767676767676, "eval_f1": 0.24725584004820902, "eval_mcc": 0.25693435860253994, "eval_auc": 0.8326251015906188, "eval_precision": 0.3490664357505714, "eval_recall": 0.2767676767676768, "learning_rate": 0.00018779790276453765, "loss": 2.3249170899391176, "step": 180}
{"eval_acc": 0.2202020202020202, "eval_top10acc": 0.7202020202020202, "eval_f1": 0.20160551855393763, "eval_mcc": 0.1984965896126546, "eval_auc": 0.8065872940481091, "eval_precision": 0.25067215063112197, "eval_recall": 0.22020202020202018, "learning_rate": 0.00018589132507149667, "loss": 2.539878284931183, "step": 190}
{"eval_acc": 0.2494949494949495, "eval_top10acc": 0.7747474747474747, "eval_f1": 0.228648288905315, "eval_mcc": 0.22961099361008908, "eval_auc": 0.8279989022935731, "eval_precision": 0.2612024923517541, "eval_recall": 0.24949494949494946, "learning_rate": 0.0001839847473784557, "loss": 2.671267557144165, "step": 200}
{"eval_acc": 0.2696969696969697, "eval_top10acc": 0.7505050505050505, "eval_f1": 0.23201137532689345, "eval_mcc": 0.2566632047335607, "eval_auc": 0.8277846384429456, "eval_precision": 0.32686237788847106, "eval_recall": 0.2696969696969697, "learning_rate": 0.00018207816968541469, "loss": 2.655703234672546, "step": 210}
{"eval_acc": 0.30707070707070705, "eval_top10acc": 0.807070707070707, "eval_f1": 0.26573605161846703, "eval_mcc": 0.2880384850177617, "eval_auc": 0.8483096376513304, "eval_precision": 0.29945531902833167, "eval_recall": 0.3070707070707071, "learning_rate": 0.0001801715919923737, "loss": 2.4443679094314574, "step": 220}
{"eval_acc": 0.29292929292929293, "eval_top10acc": 0.8121212121212121, "eval_f1": 0.26660937827555314, "eval_mcc": 0.2737883634852953, "eval_auc": 0.8465997487941062, "eval_precision": 0.3535036997726986, "eval_recall": 0.292929292929293, "learning_rate": 0.0001782650142993327, "loss": 2.344473147392273, "step": 230}
{"eval_acc": 0.298989898989899, "eval_top10acc": 0.8151515151515152, "eval_f1": 0.26637737509382625, "eval_mcc": 0.2792636052777646, "eval_auc": 0.8440496923255544, "eval_precision": 0.2986235688271949, "eval_recall": 0.298989898989899, "learning_rate": 0.00017635843660629172, "loss": 2.2401665091514587, "step": 240}
{"eval_acc": 0.3151515151515151, "eval_top10acc": 0.8232323232323232, "eval_f1": 0.2857074836713656, "eval_mcc": 0.2965191239921675, "eval_auc": 0.8512650011082614, "eval_precision": 0.3330575993417062, "eval_recall": 0.31515151515151524, "learning_rate": 0.00017445185891325075, "loss": 2.2324050784111025, "step": 250}
{"eval_acc": 0.32323232323232326, "eval_top10acc": 0.803030303030303, "eval_f1": 0.2832803891319557, "eval_mcc": 0.3045489732610849, "eval_auc": 0.8559323643963143, "eval_precision": 0.33477214850242715, "eval_recall": 0.32323232323232326, "learning_rate": 0.00017254528122020974, "loss": 2.150391125679016, "step": 260}
{"eval_acc": 0.31212121212121213, "eval_top10acc": 0.8353535353535354, "eval_f1": 0.2897142370773642, "eval_mcc": 0.2920279264633388, "eval_auc": 0.8568263618420358, "eval_precision": 0.3544335131394056, "eval_recall": 0.31212121212121213, "learning_rate": 0.00017063870352716873, "loss": 2.3947094202041628, "step": 270}
{"eval_acc": 0.3181818181818182, "eval_top10acc": 0.8333333333333334, "eval_f1": 0.2909242997346582, "eval_mcc": 0.3010897937302788, "eval_auc": 0.8588581742186757, "eval_precision": 0.364088927588677, "eval_recall": 0.31818181818181823, "learning_rate": 0.00016873212583412773, "loss": 2.2538772940635683, "step": 280}
{"eval_acc": 0.3181818181818182, "eval_top10acc": 0.8151515151515152, "eval_f1": 0.27183832056031265, "eval_mcc": 0.29883302168399944, "eval_auc": 0.8582301594840779, "eval_precision": 0.28274398488534497, "eval_recall": 0.31818181818181823, "learning_rate": 0.00016682554814108675, "loss": 2.179358971118927, "step": 290}
{"eval_acc": 0.3323232323232323, "eval_top10acc": 0.8323232323232324, "eval_f1": 0.3023501232603684, "eval_mcc": 0.3156454025632104, "eval_auc": 0.8618715894577964, "eval_precision": 0.3672110405943391, "eval_recall": 0.3323232323232323, "learning_rate": 0.00016491897044804577, "loss": 2.1089968085289, "step": 300}
{"eval_acc": 0.3414141414141414, "eval_top10acc": 0.8353535353535354, "eval_f1": 0.31351400152907377, "eval_mcc": 0.3223288901127948, "eval_auc": 0.86533464213715, "eval_precision": 0.34587023125311933, "eval_recall": 0.3414141414141414, "learning_rate": 0.00016301239275500477, "loss": 2.315831184387207, "step": 310}
{"eval_acc": 0.32727272727272727, "eval_top10acc": 0.8323232323232324, "eval_f1": 0.31133629180694494, "eval_mcc": 0.30672157610766226, "eval_auc": 0.8634094339423493, "eval_precision": 0.35834058726364887, "eval_recall": 0.3272727272727273, "learning_rate": 0.0001611058150619638, "loss": 2.042660641670227, "step": 320}
{"eval_acc": 0.3111111111111111, "eval_top10acc": 0.8383838383838383, "eval_f1": 0.28825050501957467, "eval_mcc": 0.2915756953184094, "eval_auc": 0.8649799985223183, "eval_precision": 0.3992352213866202, "eval_recall": 0.31111111111111106, "learning_rate": 0.00015919923736892278, "loss": 2.226424145698547, "step": 330}
{"eval_acc": 0.37777777777777777, "eval_top10acc": 0.8494949494949495, "eval_f1": 0.3679685943633535, "eval_mcc": 0.35943059805456956, "eval_auc": 0.8774305225715884, "eval_precision": 0.4284457229332466, "eval_recall": 0.3777777777777778, "learning_rate": 0.0001572926596758818, "loss": 2.2517096996307373, "step": 340}
{"eval_acc": 0.36666666666666664, "eval_top10acc": 0.8535353535353535, "eval_f1": 0.3491035853243183, "eval_mcc": 0.3469611105761187, "eval_auc": 0.8790781376988274, "eval_precision": 0.37517589422077324, "eval_recall": 0.36666666666666675, "learning_rate": 0.00015538608198284082, "loss": 2.151235580444336, "step": 350}
{"eval_acc": 0.38585858585858585, "eval_top10acc": 0.8484848484848485, "eval_f1": 0.3572581456873196, "eval_mcc": 0.3676123685040786, "eval_auc": 0.8782833560263027, "eval_precision": 0.40785919630045897, "eval_recall": 0.38585858585858585, "learning_rate": 0.00015347950428979982, "loss": 2.08545458316803, "step": 360}
{"eval_acc": 0.35858585858585856, "eval_top10acc": 0.8565656565656565, "eval_f1": 0.33634083513335944, "eval_mcc": 0.3387643037351367, "eval_auc": 0.8761438839808745, "eval_precision": 0.4025415933402237, "eval_recall": 0.3585858585858586, "learning_rate": 0.00015157292659675884, "loss": 2.058544564247131, "step": 370}
{"eval_acc": 0.36262626262626263, "eval_top10acc": 0.8606060606060606, "eval_f1": 0.33619816320061724, "eval_mcc": 0.34589264054153324, "eval_auc": 0.8817474641926052, "eval_precision": 0.36552748855239653, "eval_recall": 0.36262626262626263, "learning_rate": 0.00014966634890371783, "loss": 2.0128318667411804, "step": 380}
{"eval_acc": 0.37777777777777777, "eval_top10acc": 0.8767676767676768, "eval_f1": 0.36369531449779297, "eval_mcc": 0.35963729849765147, "eval_auc": 0.8887189554901154, "eval_precision": 0.42180565918507823, "eval_recall": 0.3777777777777779, "learning_rate": 0.00014775977121067683, "loss": 2.157104468345642, "step": 390}
{"eval_acc": 0.36262626262626263, "eval_top10acc": 0.8636363636363636, "eval_f1": 0.3446198808372364, "eval_mcc": 0.3440102410032991, "eval_auc": 0.8824620288570132, "eval_precision": 0.3927472395474008, "eval_recall": 0.3626262626262627, "learning_rate": 0.00014585319351763585, "loss": 2.2135591387748716, "step": 400}
{"eval_acc": 0.3696969696969697, "eval_top10acc": 0.8373737373737373, "eval_f1": 0.3411579355508544, "eval_mcc": 0.3523662613062686, "eval_auc": 0.8834056341893333, "eval_precision": 0.4167870189312189, "eval_recall": 0.3696969696969698, "learning_rate": 0.00014394661582459484, "loss": 2.078430736064911, "step": 410}
{"eval_acc": 0.402020202020202, "eval_top10acc": 0.8777777777777778, "eval_f1": 0.3724761287226555, "eval_mcc": 0.38463978659833425, "eval_auc": 0.8921112905438924, "eval_precision": 0.3884763292306771, "eval_recall": 0.402020202020202, "learning_rate": 0.00014204003813155387, "loss": 1.9816104769706726, "step": 420}
{"eval_acc": 0.41919191919191917, "eval_top10acc": 0.8636363636363636, "eval_f1": 0.39222976453274894, "eval_mcc": 0.4019431379638866, "eval_auc": 0.8962804639920628, "eval_precision": 0.41034105737744364, "eval_recall": 0.4191919191919192, "learning_rate": 0.0001401334604385129, "loss": 2.076677131652832, "step": 430}
{"eval_acc": 0.41515151515151516, "eval_top10acc": 0.8717171717171717, "eval_f1": 0.39905316713360967, "eval_mcc": 0.3970257651254734, "eval_auc": 0.894960049818984, "eval_precision": 0.45253148772565943, "eval_recall": 0.4151515151515152, "learning_rate": 0.00013822688274547188, "loss": 2.064986491203308, "step": 440}
{"eval_acc": 0.402020202020202, "eval_top10acc": 0.8696969696969697, "eval_f1": 0.36817577456791567, "eval_mcc": 0.3839492036259353, "eval_auc": 0.8938517885226349, "eval_precision": 0.3812567101250265, "eval_recall": 0.402020202020202, "learning_rate": 0.0001363203050524309, "loss": 1.9495388984680175, "step": 450}
{"eval_acc": 0.40505050505050505, "eval_top10acc": 0.8595959595959596, "eval_f1": 0.39087112922122685, "eval_mcc": 0.38712979672602155, "eval_auc": 0.8913840600360975, "eval_precision": 0.43664445629620613, "eval_recall": 0.40505050505050505, "learning_rate": 0.0001344137273593899, "loss": 1.9723049879074097, "step": 460}
{"eval_acc": 0.39494949494949494, "eval_top10acc": 0.8767676767676768, "eval_f1": 0.38871061582758565, "eval_mcc": 0.37847050848821967, "eval_auc": 0.8943478673886197, "eval_precision": 0.46145147485819143, "eval_recall": 0.39494949494949505, "learning_rate": 0.00013250714966634892, "loss": 1.86723895072937, "step": 470}
{"eval_acc": 0.40505050505050505, "eval_top10acc": 0.8565656565656565, "eval_f1": 0.3853945258847476, "eval_mcc": 0.3871215141207903, "eval_auc": 0.8953685232682098, "eval_precision": 0.4306068749164973, "eval_recall": 0.40505050505050516, "learning_rate": 0.00013060057197330794, "loss": 1.7874869585037232, "step": 480}
{"eval_acc": 0.41414141414141414, "eval_top10acc": 0.8808080808080808, "eval_f1": 0.39870761249547226, "eval_mcc": 0.39654207705600564, "eval_auc": 0.8974488880444994, "eval_precision": 0.4578088392333895, "eval_recall": 0.41414141414141425, "learning_rate": 0.0001286939942802669, "loss": 1.8932182550430299, "step": 490}
{"eval_acc": 0.41919191919191917, "eval_top10acc": 0.8949494949494949, "eval_f1": 0.3892261054400053, "eval_mcc": 0.4022234740635916, "eval_auc": 0.902404399269603, "eval_precision": 0.424971005293827, "eval_recall": 0.4191919191919192, "learning_rate": 0.00012678741658722593, "loss": 1.8281009912490844, "step": 500}
{"eval_acc": 0.40606060606060607, "eval_top10acc": 0.8848484848484849, "eval_f1": 0.40035752830959676, "eval_mcc": 0.3874401638908359, "eval_auc": 0.8992748804661032, "eval_precision": 0.43091860519542574, "eval_recall": 0.40606060606060607, "learning_rate": 0.00012488083889418495, "loss": 1.7515881419181825, "step": 510}
{"eval_acc": 0.4080808080808081, "eval_top10acc": 0.8797979797979798, "eval_f1": 0.37905780663122435, "eval_mcc": 0.3916983321736169, "eval_auc": 0.901801716221779, "eval_precision": 0.42888685837381185, "eval_recall": 0.40808080808080816, "learning_rate": 0.00012297426120114394, "loss": 1.6151181221008302, "step": 520}
{"eval_acc": 0.4171717171717172, "eval_top10acc": 0.8818181818181818, "eval_f1": 0.3958233614318377, "eval_mcc": 0.3995036548305543, "eval_auc": 0.9016750577879105, "eval_precision": 0.44752362719746386, "eval_recall": 0.41717171717171714, "learning_rate": 0.00012106768350810295, "loss": 1.840229058265686, "step": 530}
{"eval_acc": 0.42525252525252527, "eval_top10acc": 0.8909090909090909, "eval_f1": 0.40392318889743234, "eval_mcc": 0.40745740226205523, "eval_auc": 0.9041438417613966, "eval_precision": 0.4274817477925717, "eval_recall": 0.4252525252525252, "learning_rate": 0.00011916110581506197, "loss": 1.851548707485199, "step": 540}
{"eval_acc": 0.4303030303030303, "eval_top10acc": 0.8818181818181818, "eval_f1": 0.41176141799633714, "eval_mcc": 0.4121233503547107, "eval_auc": 0.9052626579272349, "eval_precision": 0.441512184701687, "eval_recall": 0.43030303030303035, "learning_rate": 0.00011725452812202098, "loss": 1.7624274015426635, "step": 550}
{"eval_acc": 0.3939393939393939, "eval_top10acc": 0.8717171717171717, "eval_f1": 0.36471668386879685, "eval_mcc": 0.3780321777941184, "eval_auc": 0.8996136917767011, "eval_precision": 0.3838190998829314, "eval_recall": 0.3939393939393939, "learning_rate": 0.00011534795042897999, "loss": 1.6991703510284424, "step": 560}
