============================================================
<class 'transformers.tokenization_dna.DNATokenizer'>
finish loading examples
number of processes for converting feature: 8
1 processor started !
2 processor started !
3 processor started !
4 processor started !
5 processor started !
6 processor started !
7 processor started !
8 processor started !
finish loading examples
number of processes for converting feature: 2
1 processor started !
2 processor started !
{"eval_acc": 0.504, "eval_f1": 0.503037881338271, "eval_mcc": 0.008213348053582646, "eval_auc": 0.5198820795283181, "eval_precision": 0.5041233995362435, "eval_recall": 0.5040900163600655, "learning_rate": 3.0395136778115506e-06, "loss": 0.6928141951560974, "step": 10}
{"eval_acc": 0.524, "eval_f1": 0.5226079247084499, "eval_mcc": 0.04851450246888475, "eval_auc": 0.5484021936087744, "eval_precision": 0.5244053041805851, "eval_recall": 0.5241100964403858, "learning_rate": 6.079027355623101e-06, "loss": 0.7003555715084075, "step": 20}
{"eval_acc": 0.568, "eval_f1": 0.5678271308523409, "eval_mcc": 0.13620445752549068, "eval_auc": 0.6102344409377638, "eval_precision": 0.5681622381881639, "eval_recall": 0.5680422721690888, "learning_rate": 9.11854103343465e-06, "loss": 0.6818149745464325, "step": 30}
{"eval_acc": 0.616, "eval_f1": 0.6143199778233988, "eval_mcc": 0.23438228055485097, "eval_auc": 0.6824507298029192, "eval_precision": 0.618257430420633, "eval_recall": 0.6161344645378581, "learning_rate": 1.2158054711246202e-05, "loss": 0.6791388034820557, "step": 40}
{"eval_acc": 0.654, "eval_f1": 0.649762121672234, "eval_mcc": 0.3163383126036257, "eval_auc": 0.7362309449237797, "eval_precision": 0.662216687212585, "eval_recall": 0.6542226168904676, "learning_rate": 1.5197568389057751e-05, "loss": 0.6607712626457214, "step": 50}
{"eval_acc": 0.712, "eval_f1": 0.7104992279979414, "eval_mcc": 0.4280544699068113, "eval_auc": 0.776311105244421, "eval_precision": 0.7162178160426846, "eval_recall": 0.7118588474353897, "learning_rate": 1.82370820668693e-05, "loss": 0.6314170241355896, "step": 60}
{"eval_acc": 0.737, "eval_f1": 0.7362020110835277, "eval_mcc": 0.4765724704771726, "eval_auc": 0.7938511754047016, "eval_precision": 0.7396877175373557, "eval_recall": 0.7368929475717902, "learning_rate": 2.1276595744680852e-05, "loss": 0.5811226904392243, "step": 70}
{"eval_acc": 0.735, "eval_f1": 0.7348597408028847, "eval_mcc": 0.4706394294715878, "eval_auc": 0.8227632910531644, "eval_precision": 0.7355908012059786, "eval_recall": 0.7350489401957607, "learning_rate": 2.4316109422492404e-05, "loss": 0.5583887338638306, "step": 80}
{"eval_acc": 0.755, "eval_f1": 0.754870326402667, "eval_mcc": 0.5106856693435788, "eval_auc": 0.8384553538214153, "eval_precision": 0.7556369876194753, "eval_recall": 0.7550490201960808, "learning_rate": 2.735562310030395e-05, "loss": 0.47801355123519895, "step": 90}
{"eval_acc": 0.766, "eval_f1": 0.7658164000576453, "eval_mcc": 0.5330143496239748, "eval_auc": 0.8467833871335486, "eval_precision": 0.7669560401189601, "eval_recall": 0.766059064236257, "learning_rate": 3.0395136778115502e-05, "loss": 0.46895619928836824, "step": 100}
{"eval_acc": 0.788, "eval_f1": 0.7879312897378752, "eval_mcc": 0.5762663301226257, "eval_auc": 0.8584954339817359, "eval_precision": 0.7882992739606985, "eval_recall": 0.7879671518686076, "learning_rate": 3.3434650455927054e-05, "loss": 0.43120301365852354, "step": 110}
{"eval_acc": 0.75, "eval_f1": 0.7484696895914745, "eval_mcc": 0.5066813685330614, "eval_auc": 0.8654554618218473, "eval_precision": 0.75656283460303, "eval_recall": 0.7501590006360026, "learning_rate": 3.64741641337386e-05, "loss": 0.3875891789793968, "step": 120}
{"eval_acc": 0.814, "eval_f1": 0.8138741789449668, "eval_mcc": 0.6286876070897364, "eval_auc": 0.878183512734051, "eval_precision": 0.8147368421052632, "eval_recall": 0.8139512558050233, "learning_rate": 3.951367781155015e-05, "loss": 0.447610530257225, "step": 130}
{"eval_acc": 0.84, "eval_f1": 0.8387512899896801, "eval_mcc": 0.690181629767903, "eval_auc": 0.8895715582862331, "eval_precision": 0.8504357941022394, "eval_recall": 0.8398273593094372, "learning_rate": 4.2553191489361704e-05, "loss": 0.4216246545314789, "step": 140}
{"eval_acc": 0.83, "eval_f1": 0.8279178054458953, "eval_mcc": 0.6758196126506454, "eval_auc": 0.8828835315341261, "eval_precision": 0.8462365455927499, "eval_recall": 0.8297833191332766, "learning_rate": 4.559270516717326e-05, "loss": 0.3698057919740677, "step": 150}
{"eval_acc": 0.851, "eval_f1": 0.8498103477646438, "eval_mcc": 0.7127757134748796, "eval_auc": 0.9046156184624738, "eval_precision": 0.8620385047222773, "eval_recall": 0.8508254033016132, "learning_rate": 4.863221884498481e-05, "loss": 0.4623842269182205, "step": 160}
{"eval_acc": 0.846, "eval_f1": 0.8458001570034765, "eval_mcc": 0.6935626990072511, "eval_auc": 0.9067196268785075, "eval_precision": 0.8476334036780223, "eval_recall": 0.8459313837255349, "learning_rate": 5.1671732522796354e-05, "loss": 0.3252334430813789, "step": 170}
{"eval_acc": 0.832, "eval_f1": 0.831999327997312, "eval_mcc": 0.6640252805906087, "eval_auc": 0.9092676370705483, "eval_precision": 0.8320179526462953, "eval_recall": 0.8320073280293121, "learning_rate": 5.47112462006079e-05, "loss": 0.3269903615117073, "step": 180}
{"eval_acc": 0.816, "eval_f1": 0.8159933757615274, "eval_mcc": 0.632091212034171, "eval_auc": 0.8995555982223928, "eval_precision": 0.8160759508863737, "eval_recall": 0.8160152640610563, "learning_rate": 5.775075987841946e-05, "loss": 0.3247069835662842, "step": 190}
{"eval_acc": 0.831, "eval_f1": 0.8304096560125798, "eval_mcc": 0.6670615837447114, "eval_auc": 0.9311957247828991, "eval_precision": 0.8359577922077922, "eval_recall": 0.831121324485298, "learning_rate": 6.0790273556231004e-05, "loss": 0.3165235862135887, "step": 200}
{"eval_acc": 0.858, "eval_f1": 0.8578544429495805, "eval_mcc": 0.7176982851178816, "eval_auc": 0.9404997619990481, "eval_precision": 0.8596325594288722, "eval_recall": 0.858067432269729, "learning_rate": 6.382978723404256e-05, "loss": 0.2882897242903709, "step": 210}
{"eval_acc": 0.89, "eval_f1": 0.889992959549411, "eval_mcc": 0.7800500085956895, "eval_auc": 0.9503678014712058, "eval_precision": 0.8900624522406391, "eval_recall": 0.8899875599502398, "learning_rate": 6.686930091185411e-05, "loss": 0.28136303573846816, "step": 220}
{"eval_acc": 0.904, "eval_f1": 0.9038303567493057, "eval_mcc": 0.8105673394774686, "eval_auc": 0.9545518182072728, "eval_precision": 0.9066523302687268, "eval_recall": 0.9039196156784627, "learning_rate": 6.990881458966565e-05, "loss": 0.23546529188752174, "step": 230}
{"eval_acc": 0.917, "eval_f1": 0.916999252993277, "eval_mcc": 0.8340443578835007, "eval_auc": 0.964059856239425, "eval_precision": 0.917034690220174, "eval_recall": 0.9170096680386721, "learning_rate": 7.29483282674772e-05, "loss": 0.2513130776584148, "step": 240}
{"eval_acc": 0.884, "eval_f1": 0.8836607547608828, "eval_mcc": 0.7729118848329872, "eval_auc": 0.9646478585914343, "eval_precision": 0.8888146573539832, "eval_recall": 0.8841115364461458, "learning_rate": 7.598784194528876e-05, "loss": 0.3070539444684982, "step": 250}
{"eval_acc": 0.896, "eval_f1": 0.895816219811748, "eval_mcc": 0.7951193927715449, "eval_auc": 0.9638318553274212, "eval_precision": 0.8990372797208152, "eval_recall": 0.8960875843503374, "learning_rate": 7.90273556231003e-05, "loss": 0.347641322016716, "step": 260}
{"eval_acc": 0.926, "eval_f1": 0.9258291102700622, "eval_mcc": 0.8556021411154594, "eval_auc": 0.9621398485593943, "eval_precision": 0.9297028544216699, "eval_recall": 0.9259077036308145, "learning_rate": 8.206686930091185e-05, "loss": 0.2605386823415756, "step": 270}
{"eval_acc": 0.915, "eval_f1": 0.9146167144310811, "eval_mcc": 0.8370621911514705, "eval_auc": 0.9588078352313408, "eval_precision": 0.9222248457116803, "eval_recall": 0.9148696594786379, "learning_rate": 8.510638297872341e-05, "loss": 0.2543180130422115, "step": 280}
{"eval_acc": 0.919, "eval_f1": 0.9189006533002928, "eval_mcc": 0.8398095651876634, "eval_auc": 0.9641598566394266, "eval_precision": 0.9208781405217726, "eval_recall": 0.9189336757347029, "learning_rate": 8.814589665653495e-05, "loss": 0.2548808194696903, "step": 290}
{"eval_acc": 0.921, "eval_f1": 0.9206220817311218, "eval_mcc": 0.8496236753933926, "eval_auc": 0.9716718866875468, "eval_precision": 0.9287949921752738, "eval_recall": 0.9208656834627338, "learning_rate": 9.118541033434651e-05, "loss": 0.2837136685848236, "step": 300}
{"eval_acc": 0.937, "eval_f1": 0.9368832972165533, "eval_mcc": 0.8769330442869651, "eval_auc": 0.9710958843835376, "eval_precision": 0.9400207866707488, "eval_recall": 0.9369177476709907, "learning_rate": 9.422492401215806e-05, "loss": 0.1996916227042675, "step": 310}
{"eval_acc": 0.918, "eval_f1": 0.917999671998688, "eval_mcc": 0.835999343997376, "eval_auc": 0.9689838759355037, "eval_precision": 0.917999671998688, "eval_recall": 0.917999671998688, "learning_rate": 9.726443768996962e-05, "loss": 0.2528033584356308, "step": 320}
{"eval_acc": 0.93, "eval_f1": 0.9299862773103529, "eval_mcc": 0.8602405303556954, "eval_auc": 0.9725038900155601, "eval_precision": 0.9302648590447142, "eval_recall": 0.9299757199028796, "learning_rate": 0.00010030395136778116, "loss": 0.23331789597868918, "step": 330}
{"eval_acc": 0.862, "eval_f1": 0.860821997385874, "eval_mcc": 0.7372384481901376, "eval_auc": 0.9652118608474433, "eval_precision": 0.8751652158060252, "eval_recall": 0.8621874487497949, "learning_rate": 0.00010334346504559271, "loss": 0.1990208998322487, "step": 340}
{"eval_acc": 0.848, "eval_f1": 0.8459985977767062, "eval_mcc": 0.7156474510827587, "eval_auc": 0.9693238772955092, "eval_precision": 0.8676802871924822, "eval_recall": 0.8482313929255717, "learning_rate": 0.00010638297872340425, "loss": 0.3853869453072548, "step": 350}
{"eval_acc": 0.915, "eval_f1": 0.9149379897945603, "eval_mcc": 0.8314183478767613, "eval_auc": 0.9743558974235896, "eval_precision": 0.9163617103235748, "eval_recall": 0.915057660230641, "learning_rate": 0.0001094224924012158, "loss": 0.27094737738370894, "step": 360}
{"eval_acc": 0.905, "eval_f1": 0.9047713560258179, "eval_mcc": 0.8142832664911752, "eval_auc": 0.9722078888315553, "eval_precision": 0.9091919191919192, "eval_recall": 0.9051016204064817, "learning_rate": 0.00011246200607902737, "loss": 0.21474449411034585, "step": 370}
{"eval_acc": 0.944, "eval_f1": 0.9439856603290443, "eval_mcc": 0.8883416195992341, "eval_auc": 0.9772399089596359, "eval_precision": 0.9443699329396458, "eval_recall": 0.9439717758871036, "learning_rate": 0.00011550151975683892, "loss": 0.23786166235804557, "step": 380}
{"eval_acc": 0.937, "eval_f1": 0.9369999369999371, "eval_mcc": 0.874001748005244, "eval_auc": 0.9798919195676783, "eval_precision": 0.937, "eval_recall": 0.9370017480069921, "learning_rate": 0.00011854103343465046, "loss": 0.16716617941856385, "step": 390}
{"eval_acc": 0.946, "eval_f1": 0.9459634713066033, "eval_mcc": 0.8930187557944511, "eval_auc": 0.9834719338877357, "eval_precision": 0.9470676691729323, "eval_recall": 0.9459517838071352, "learning_rate": 0.00012158054711246201, "loss": 0.14595023393630982, "step": 400}
{"eval_acc": 0.92, "eval_f1": 0.9198961854563514, "eval_mcc": 0.8424595008997733, "eval_auc": 0.9826959307837232, "eval_precision": 0.9223869911636119, "eval_recall": 0.9200756803027212, "learning_rate": 0.00012462006079027354, "loss": 0.29035879746079446, "step": 410}
{"eval_acc": 0.92, "eval_f1": 0.9198961854563514, "eval_mcc": 0.8424595008997733, "eval_auc": 0.9793439173756695, "eval_precision": 0.9223869911636119, "eval_recall": 0.9200756803027212, "learning_rate": 0.00012765957446808513, "loss": 0.2233023688197136, "step": 420}
{"eval_acc": 0.94, "eval_f1": 0.93981124807396, "eval_mcc": 0.8851532348004029, "eval_auc": 0.9678438713754857, "eval_precision": 0.9452778621317948, "eval_recall": 0.9398917595670382, "learning_rate": 0.00013069908814589666, "loss": 0.19548081662505865, "step": 430}
{"eval_acc": 0.945, "eval_f1": 0.9448782360233756, "eval_mcc": 0.8936075630667559, "eval_auc": 0.9805959223836894, "eval_precision": 0.9487058462829387, "eval_recall": 0.9449097796391186, "learning_rate": 0.00013373860182370822, "loss": 0.27884101644158366, "step": 440}
{"eval_acc": 0.958, "eval_f1": 0.9579863875895791, "eval_mcc": 0.9164637010651897, "eval_auc": 0.9814119256477026, "eval_precision": 0.9584960214007392, "eval_recall": 0.9579678318713275, "learning_rate": 0.00013677811550151975, "loss": 0.1611291505396366, "step": 450}
{"eval_acc": 0.956, "eval_f1": 0.9559913743093646, "eval_mcc": 0.9122582193072322, "eval_auc": 0.9825999303997216, "eval_precision": 0.9562824469341275, "eval_recall": 0.9559758239032956, "learning_rate": 0.0001398176291793313, "loss": 0.08721312899142504, "step": 460}
{"eval_acc": 0.955, "eval_f1": 0.9549945543410752, "eval_mcc": 0.9101438669053596, "eval_auc": 0.9846199384797539, "eval_precision": 0.9551620648259304, "eval_recall": 0.9549818199272797, "learning_rate": 0.00014285714285714287, "loss": 0.24338767305016518, "step": 470}
{"eval_acc": 0.966, "eval_f1": 0.9659693724351917, "eval_mcc": 0.9334572615463322, "eval_auc": 0.9851359405437622, "eval_precision": 0.9675147195164533, "eval_recall": 0.9659438637754552, "learning_rate": 0.0001458966565349544, "loss": 0.24906266182661058, "step": 480}
{"eval_acc": 0.95, "eval_f1": 0.9499030122316805, "eval_mcc": 0.9031759427988286, "eval_auc": 0.9837039348157393, "eval_precision": 0.9532663579836471, "eval_recall": 0.9499157996631986, "learning_rate": 0.00014893617021276596, "loss": 0.2510658115148544, "step": 490}
{"eval_acc": 0.958, "eval_f1": 0.9579326923076923, "eval_mcc": 0.9186446120428254, "eval_auc": 0.9876399505598022, "eval_precision": 0.9607250512115713, "eval_recall": 0.9579238316953268, "learning_rate": 0.00015197568389057752, "loss": 0.21738132126629353, "step": 500}
{"eval_acc": 0.956, "eval_f1": 0.9559992959887358, "eval_mcc": 0.912006240241544, "eval_auc": 0.9866799467197869, "eval_precision": 0.9560104163749894, "eval_recall": 0.955995823983296, "learning_rate": 0.00015501519756838908, "loss": 0.27174302339553835, "step": 510}
{"eval_acc": 0.955, "eval_f1": 0.9549671710677083, "eval_mcc": 0.9111305020935911, "eval_auc": 0.9848039392157568, "eval_precision": 0.9561815148160626, "eval_recall": 0.9549498197992792, "learning_rate": 0.0001580547112462006, "loss": 0.14949912186712028, "step": 520}
{"eval_acc": 0.896, "eval_f1": 0.8955722639933166, "eval_mcc": 0.7990422620749841, "eval_auc": 0.975239900959604, "eval_precision": 0.9029396806021768, "eval_recall": 0.896131584526338, "learning_rate": 0.00016109422492401217, "loss": 0.1888198299333453, "step": 530}
{"eval_acc": 0.95, "eval_f1": 0.9498939756524807, "eval_mcc": 0.9034883674296744, "eval_auc": 0.9902759611038444, "eval_precision": 0.9535840306482508, "eval_recall": 0.9499117996471986, "learning_rate": 0.0001641337386018237, "loss": 0.2576916590332985, "step": 540}
{"eval_acc": 0.951, "eval_f1": 0.9509465808265201, "eval_mcc": 0.9037265348361067, "eval_auc": 0.9874719498877995, "eval_precision": 0.9527906304222094, "eval_recall": 0.9509378037512151, "learning_rate": 0.00016717325227963529, "loss": 0.38857040032744405, "step": 550}
{"eval_acc": 0.963, "eval_f1": 0.9629970027572233, "eval_mcc": 0.9260883988440953, "eval_auc": 0.9864639458557833, "eval_precision": 0.9631025542538889, "eval_recall": 0.9629858519434078, "learning_rate": 0.00017021276595744682, "loss": 0.20597903355956076, "step": 560}
{"eval_acc": 0.962, "eval_f1": 0.9619876840096191, "eval_mcc": 0.9244683450873676, "eval_auc": 0.9829759319037276, "eval_precision": 0.9625006507522695, "eval_recall": 0.9619678478713914, "learning_rate": 0.00017325227963525835, "loss": 0.1355105245485902, "step": 570}
{"eval_acc": 0.942, "eval_f1": 0.9418427427764676, "eval_mcc": 0.8884314718910289, "eval_auc": 0.9810319241276965, "eval_precision": 0.9465438421335576, "eval_recall": 0.9418997675990703, "learning_rate": 0.0001762917933130699, "loss": 0.1352285916917026, "step": 580}
{"eval_acc": 0.947, "eval_f1": 0.9469018214678941, "eval_mcc": 0.8970040200417317, "eval_auc": 0.9851639406557626, "eval_precision": 0.9500918480800529, "eval_recall": 0.9469177876711508, "learning_rate": 0.00017933130699088147, "loss": 0.2776099264621735, "step": 590}
{"eval_acc": 0.947, "eval_f1": 0.946971948160577, "eval_mcc": 0.8951295721146931, "eval_auc": 0.9908559634238536, "eval_precision": 0.9480803771890436, "eval_recall": 0.9470497881991529, "learning_rate": 0.00018237082066869303, "loss": 0.19398192763328553, "step": 600}
{"eval_acc": 0.958, "eval_f1": 0.9579569479146646, "eval_mcc": 0.9176432402563685, "eval_auc": 0.9805919223676894, "eval_precision": 0.9597051064291136, "eval_recall": 0.9579398317593271, "learning_rate": 0.00018541033434650456, "loss": 0.16667762361466884, "step": 610}
{"eval_acc": 0.958, "eval_f1": 0.9579257810778212, "eval_mcc": 0.9189324936220804, "eval_auc": 0.9837519350077399, "eval_precision": 0.961017884253722, "eval_recall": 0.9579198316793267, "learning_rate": 0.00018844984802431612, "loss": 0.2224329926073551, "step": 620}
{"eval_acc": 0.966, "eval_f1": 0.965960650511992, "eval_mcc": 0.9339061312107685, "eval_auc": 0.9858779435117739, "eval_precision": 0.9679724881584181, "eval_recall": 0.965935863743455, "learning_rate": 0.00019148936170212768, "loss": 0.14835118176415563, "step": 630}
{"eval_acc": 0.952, "eval_f1": 0.9518796992481204, "eval_mcc": 0.9081773969829018, "eval_auc": 0.9738838955355823, "eval_precision": 0.9562841530054644, "eval_recall": 0.9519038076152304, "learning_rate": 0.00019452887537993924, "loss": 0.2110785808414221, "step": 640}
{"eval_acc": 0.94, "eval_f1": 0.9399759903961585, "eval_mcc": 0.8808630242854704, "eval_auc": 0.9818279273117092, "eval_precision": 0.9408196057846041, "eval_recall": 0.9400437601750407, "learning_rate": 0.00019756838905775077, "loss": 0.30977996438741684, "step": 650}
{"eval_acc": 0.959, "eval_f1": 0.9589996309966791, "eval_mcc": 0.9180011800283244, "eval_auc": 0.9883519534078137, "eval_precision": 0.9590033440535048, "eval_recall": 0.958997835991344, "learning_rate": 0.00019993251223215792, "loss": 0.1855918325483799, "step": 660}
{"eval_acc": 0.962, "eval_f1": 0.9619742946231653, "eval_mcc": 0.9250588950313863, "eval_auc": 0.9830759323037292, "eval_precision": 0.9631077694235589, "eval_recall": 0.9619518478073912, "learning_rate": 0.00019959507339294754, "loss": 0.133966669999063, "step": 670}
{"eval_acc": 0.967, "eval_f1": 0.9669880826978539, "eval_mcc": 0.9345356432933306, "eval_auc": 0.9848999395997584, "eval_precision": 0.9675699706820038, "eval_recall": 0.9669658678634714, "learning_rate": 0.00019925763455373713, "loss": 0.10916772186756134, "step": 680}
{"eval_acc": 0.965, "eval_f1": 0.9649873604371177, "eval_mcc": 0.9305330407659695, "eval_auc": 0.9816799267197068, "eval_precision": 0.9655673753184126, "eval_recall": 0.9649658598634394, "learning_rate": 0.00019892019571452675, "loss": 0.1778516048565507, "step": 690}
{"eval_acc": 0.912, "eval_f1": 0.9117029687869995, "eval_mcc": 0.8300366204112954, "eval_auc": 0.9810719242876972, "eval_precision": 0.9179373597978249, "eval_recall": 0.9121196484785938, "learning_rate": 0.00019858275687531634, "loss": 0.15089389351196586, "step": 700}
{"eval_acc": 0.964, "eval_f1": 0.963992942616753, "eval_mcc": 0.9282636620615512, "eval_auc": 0.9867159468637874, "eval_precision": 0.9642878585924084, "eval_recall": 0.9639758559034236, "learning_rate": 0.00019824531803610597, "loss": 0.1868974224664271, "step": 710}
{"eval_acc": 0.94, "eval_f1": 0.9397832195905258, "eval_mcc": 0.8859554027238836, "eval_auc": 0.9855159420637682, "eval_precision": 0.9460934045651653, "eval_recall": 0.9398837595350381, "learning_rate": 0.00019790787919689559, "loss": 0.23601417541503905, "step": 720}
{"eval_acc": 0.972, "eval_f1": 0.9719810591960165, "eval_mcc": 0.9450839820544708, "eval_auc": 0.9905599622398489, "eval_precision": 0.9731328320802005, "eval_recall": 0.9719518878075513, "learning_rate": 0.00019757044035768518, "loss": 0.18872173950076104, "step": 730}
{"eval_acc": 0.945, "eval_f1": 0.9449801378297565, "eval_mcc": 0.8907947012088837, "eval_auc": 0.9877799511198045, "eval_precision": 0.9457532051282052, "eval_recall": 0.9450417801671207, "learning_rate": 0.0001972330015184748, "loss": 0.17689961865544318, "step": 740}
{"eval_acc": 0.954, "eval_f1": 0.9539187126090424, "eval_mcc": 0.910905445166924, "eval_auc": 0.988379953519814, "eval_precision": 0.9569908061807595, "eval_recall": 0.9539198156792628, "learning_rate": 0.0001968955626792644, "loss": 0.14767150012776256, "step": 750}
{"eval_acc": 0.976, "eval_f1": 0.9759922214797594, "eval_mcc": 0.9524845991649906, "eval_auc": 0.990255961023844, "eval_precision": 0.9765168534826258, "eval_recall": 0.9759679038716155, "learning_rate": 0.000196558123840054, "loss": 0.1539898354560137, "step": 760}
{"eval_acc": 0.939, "eval_f1": 0.9389334985799536, "eval_mcc": 0.8801750789336145, "eval_auc": 0.9873959495837984, "eval_precision": 0.9411076819212036, "eval_recall": 0.9390697562790251, "learning_rate": 0.0001962206850008436, "loss": 0.18220417909324169, "step": 770}
{"eval_acc": 0.967, "eval_f1": 0.9669759254496528, "eval_mcc": 0.9351630641119385, "eval_auc": 0.9883799535198141, "eval_precision": 0.9682140507933452, "eval_recall": 0.9669498677994712, "learning_rate": 0.0001958832461616332, "loss": 0.15217824131250382, "step": 780}
{"eval_acc": 0.967, "eval_f1": 0.9669793621013134, "eval_mcc": 0.9349835900352986, "eval_auc": 0.9890719562878252, "eval_precision": 0.9680303419077555, "eval_recall": 0.9669538678154712, "learning_rate": 0.00019554580732242282, "loss": 0.11716502904891968, "step": 790}
{"eval_acc": 0.955, "eval_f1": 0.9549977948919497, "eval_mcc": 0.9100433454373336, "eval_auc": 0.9850999403997616, "eval_precision": 0.9550535277079899, "eval_recall": 0.9549898199592799, "learning_rate": 0.0001952083684832124, "loss": 0.13692385144531727, "step": 800}
{"eval_acc": 0.955, "eval_f1": 0.954938310547139, "eval_mcc": 0.9122253802484447, "eval_auc": 0.984315937263749, "eval_precision": 0.9572986361296963, "eval_recall": 0.9549298197192788, "learning_rate": 0.00019487092964400203, "loss": 0.20295762829482555, "step": 810}
{"eval_acc": 0.959, "eval_f1": 0.9589553023242311, "eval_mcc": 0.9197594359100703, "eval_auc": 0.9799019196076784, "eval_precision": 0.9608235331919542, "eval_recall": 0.958937835751343, "learning_rate": 0.00019453349080479163, "loss": 0.0954222995787859, "step": 820}
{"eval_acc": 0.969, "eval_f1": 0.968986322968429, "eval_mcc": 0.938673114953528, "eval_auc": 0.9870359481437926, "eval_precision": 0.9697115384615385, "eval_recall": 0.9689618758475034, "learning_rate": 0.00019419605196558125, "loss": 0.17995007745921612, "step": 830}
{"eval_acc": 0.965, "eval_f1": 0.9649781113195748, "eval_mcc": 0.9309789660480996, "eval_auc": 0.9865799463197853, "eval_precision": 0.9660257232664058, "eval_recall": 0.9649538598154392, "learning_rate": 0.00019385861312637087, "loss": 0.19163348339498043, "step": 840}
{"eval_acc": 0.973, "eval_f1": 0.9729831144465291, "eval_mcc": 0.9469974619968959, "eval_auc": 0.9910759643038571, "eval_precision": 0.9740441978318044, "eval_recall": 0.9729538918155672, "learning_rate": 0.00019352117428716046, "loss": 0.22977775558829308, "step": 850}
{"eval_acc": 0.967, "eval_f1": 0.9669682564944913, "eval_mcc": 0.9355674074524861, "eval_auc": 0.9899479597918391, "eval_precision": 0.968627057406664, "eval_recall": 0.966941867767471, "learning_rate": 0.00019318373544795008, "loss": 0.09613677957095206, "step": 860}
{"eval_acc": 0.91, "eval_f1": 0.9096748293857888, "eval_mcc": 0.8264189068378198, "eval_auc": 0.9827399309597239, "eval_precision": 0.9163184843206282, "eval_recall": 0.910123640494562, "learning_rate": 0.00019284629660873967, "loss": 0.13823371464386583, "step": 870}
{"eval_acc": 0.972, "eval_f1": 0.9719928301645221, "eval_mcc": 0.9443669486727718, "eval_auc": 0.9856359425437701, "eval_precision": 0.9723951556400761, "eval_recall": 0.9719718878875515, "learning_rate": 0.00019250885776952927, "loss": 0.23664110004901887, "step": 880}
{"eval_acc": 0.937, "eval_f1": 0.9367647014541107, "eval_mcc": 0.8801216015534836, "eval_auc": 0.9370477481909927, "eval_precision": 0.943262987012987, "eval_recall": 0.9368817475269902, "learning_rate": 0.0001921714189303189, "loss": 0.19810165837407112, "step": 890}
{"eval_acc": 0.966, "eval_f1": 0.9659912937712054, "eval_mcc": 0.9323615210141566, "eval_auc": 0.9796879187516749, "eval_precision": 0.9663897507756981, "eval_recall": 0.9659718638874555, "learning_rate": 0.00019183398009110848, "loss": 0.26788409948349, "step": 900}
{"eval_acc": 0.965, "eval_f1": 0.9649618434475143, "eval_mcc": 0.9317841117155429, "eval_auc": 0.9809679238716955, "eval_precision": 0.9668482102692629, "eval_recall": 0.9649378597514391, "learning_rate": 0.0001914965412518981, "loss": 0.2050837591290474, "step": 910}
{"eval_acc": 0.972, "eval_f1": 0.9719887955182073, "eval_mcc": 0.9446081413141678, "eval_auc": 0.9850999403997616, "eval_precision": 0.9726444986560594, "eval_recall": 0.9719638878555514, "learning_rate": 0.0001911591024126877, "loss": 0.11105397362262011, "step": 920}
{"eval_acc": 0.974, "eval_f1": 0.9739895958383353, "eval_mcc": 0.9486110404514465, "eval_auc": 0.9863219452877812, "eval_precision": 0.9746473908323618, "eval_recall": 0.9739638958555834, "learning_rate": 0.00019082166357347732, "loss": 0.14840968204662203, "step": 930}
{"eval_acc": 0.969, "eval_f1": 0.9689910384101005, "eval_mcc": 0.9384184691972588, "eval_auc": 0.9888039552158209, "eval_precision": 0.9694487154846563, "eval_recall": 0.9689698758795036, "learning_rate": 0.00019048422473426694, "loss": 0.13175902822986246, "step": 940}
{"eval_acc": 0.963, "eval_f1": 0.9629990749768744, "eval_mcc": 0.9260154849432092, "eval_auc": 0.9890999563998255, "eval_precision": 0.9630216333845366, "eval_recall": 0.9629938519754079, "learning_rate": 0.00019014678589505653, "loss": 0.06524891071021557, "step": 950}
{"eval_acc": 0.973, "eval_f1": 0.9729921947442811, "eval_mcc": 0.9464225843539198, "eval_auc": 0.9840999363997455, "eval_precision": 0.9734528156832597, "eval_recall": 0.9729698918795675, "learning_rate": 0.00018980934705584615, "loss": 0.1398680062033236, "step": 960}
{"eval_acc": 0.952, "eval_f1": 0.9518982166263814, "eval_mcc": 0.9075046745463408, "eval_auc": 0.9803559214236857, "eval_precision": 0.9556003629398124, "eval_recall": 0.9519118076472306, "learning_rate": 0.00018947190821663574, "loss": 0.10650985389947891, "step": 970}
{"eval_acc": 0.97, "eval_f1": 0.9699729756781104, "eval_mcc": 0.9414707676183011, "eval_auc": 0.9822999291997168, "eval_precision": 0.9715282209352261, "eval_recall": 0.9699438797755191, "learning_rate": 0.00018913446937742536, "loss": 0.16105355508625507, "step": 980}
{"eval_acc": 0.973, "eval_f1": 0.972980302640625, "eval_mcc": 0.9471793451211122, "eval_auc": 0.9783699134796539, "eval_precision": 0.9742303187819865, "eval_recall": 0.9729498917995671, "learning_rate": 0.00018879703053821496, "loss": 0.10510904174298048, "step": 990}
{"eval_acc": 0.975, "eval_f1": 0.9749943737340901, "eval_mcc": 0.9503184977883393, "eval_auc": 0.9820439281757128, "eval_precision": 0.9753446702214537, "eval_recall": 0.9749738998955996, "learning_rate": 0.00018845959169900455, "loss": 0.13780743721872568, "step": 1000}
{"eval_acc": 0.97, "eval_f1": 0.9699764615458519, "eval_mcc": 0.9412672493565465, "eval_auc": 0.9808499233996936, "eval_precision": 0.9713203701995017, "eval_recall": 0.9699478797915192, "learning_rate": 0.00018812215285979417, "loss": 0.1485944727435708, "step": 1010}
{"eval_acc": 0.968, "eval_f1": 0.9679671984111731, "eval_mcc": 0.9376818315123107, "eval_auc": 0.9809099236396945, "eval_precision": 0.9697436947626676, "eval_recall": 0.967939871759487, "learning_rate": 0.00018778471402058376, "loss": 0.17624314911663533, "step": 1020}
{"eval_acc": 0.977, "eval_f1": 0.9769898525249635, "eval_mcc": 0.9546859623597636, "eval_auc": 0.9822899291597166, "eval_precision": 0.9777243589743589, "eval_recall": 0.9769619078476314, "learning_rate": 0.00018744727518137338, "loss": 0.15224104383960366, "step": 1030}
{"eval_acc": 0.959, "eval_f1": 0.9589996309966791, "eval_mcc": 0.9180472140184119, "eval_auc": 0.9843959375837502, "eval_precision": 0.9590373783922171, "eval_recall": 0.9590098360393442, "learning_rate": 0.000187109836342163, "loss": 0.16028749346733093, "step": 1040}
{"eval_acc": 0.975, "eval_f1": 0.9749867680002722, "eval_mcc": 0.950834753780596, "eval_auc": 0.9839439357757432, "eval_precision": 0.9758772984497988, "eval_recall": 0.9749578998315993, "learning_rate": 0.0001867723975029526, "loss": 0.17238833755254745, "step": 1050}
{"eval_acc": 0.975, "eval_f1": 0.9749867680002722, "eval_mcc": 0.950834753780596, "eval_auc": 0.9814059256237024, "eval_precision": 0.9758772984497988, "eval_recall": 0.9749578998315993, "learning_rate": 0.00018643495866374222, "loss": 0.13964115902781488, "step": 1060}
{"eval_acc": 0.963, "eval_f1": 0.9629990749768744, "eval_mcc": 0.9260925331165453, "eval_auc": 0.9675278701114804, "eval_precision": 0.9630786833303996, "eval_recall": 0.9630138520554081, "learning_rate": 0.0001860975198245318, "loss": 0.11729702055454254, "step": 1070}
{"eval_acc": 0.954, "eval_f1": 0.9539187126090424, "eval_mcc": 0.910905445166924, "eval_auc": 0.9830019320077279, "eval_precision": 0.9569908061807595, "eval_recall": 0.9539198156792628, "learning_rate": 0.00018576008098532143, "loss": 0.18825682997703552, "step": 1080}
{"eval_acc": 0.972, "eval_f1": 0.9719982078853047, "eval_mcc": 0.9440664109917922, "eval_auc": 0.9838619354477418, "eval_precision": 0.9720785273913688, "eval_recall": 0.9719878879515518, "learning_rate": 0.00018542264214611103, "loss": 0.1807014297693968, "step": 1090}
{"eval_acc": 0.952, "eval_f1": 0.9518891526076079, "eval_mcc": 0.9078335153365362, "eval_auc": 0.980305921223685, "eval_precision": 0.955934638465481, "eval_recall": 0.9519078076312305, "learning_rate": 0.00018508520330690062, "loss": 0.18617465235292913, "step": 1100}
{"eval_acc": 0.965, "eval_f1": 0.9649982849159608, "eval_mcc": 0.9300448255958725, "eval_auc": 0.983507934031736, "eval_precision": 0.9650549679153798, "eval_recall": 0.9649898599594398, "learning_rate": 0.00018474776446769024, "loss": 0.12075596675276756, "step": 1110}
{"eval_acc": 0.973, "eval_f1": 0.972980302640625, "eval_mcc": 0.9471793451211122, "eval_auc": 0.9816499265997064, "eval_precision": 0.9742303187819865, "eval_recall": 0.9729498917995671, "learning_rate": 0.00018441032562847983, "loss": 0.06889055194333196, "step": 1120}
{"eval_acc": 0.958, "eval_f1": 0.958, "eval_mcc": 0.9160076640306561, "eval_auc": 0.9799679198716795, "eval_precision": 0.958003832015328, "eval_recall": 0.958003832015328, "learning_rate": 0.00018407288678926945, "loss": 0.12142701428383589, "step": 1130}
{"eval_acc": 0.972, "eval_f1": 0.9719909250597194, "eval_mcc": 0.9444799551428126, "eval_auc": 0.9824279297117188, "eval_precision": 0.9725122241310955, "eval_recall": 0.9719678878715514, "learning_rate": 0.00018373544795005905, "loss": 0.16580649856477975, "step": 1140}
{"eval_acc": 0.973, "eval_f1": 0.9729902494800624, "eval_mcc": 0.946543450875414, "eval_auc": 0.9833319333277334, "eval_precision": 0.9735777567727775, "eval_recall": 0.9729658918635674, "learning_rate": 0.00018339800911084867, "loss": 0.13993662558495998, "step": 1150}
{"eval_acc": 0.975, "eval_f1": 0.9749889701358299, "eval_mcc": 0.9506827505082047, "eval_auc": 0.9839839359357437, "eval_precision": 0.9757211538461539, "eval_recall": 0.9749618998475993, "learning_rate": 0.0001830605702716383, "loss": 0.13550589364022017, "step": 1160}
{"eval_acc": 0.975, "eval_f1": 0.9749927729113714, "eval_mcc": 0.9504246419322504, "eval_auc": 0.9810319241276965, "eval_precision": 0.9754548657825614, "eval_recall": 0.9749698998795995, "learning_rate": 0.00018272313143242788, "loss": 0.10456673819571734, "step": 1170}
{"eval_acc": 0.975, "eval_f1": 0.9749927729113714, "eval_mcc": 0.9504246419322504, "eval_auc": 0.9874919499677999, "eval_precision": 0.9754548657825614, "eval_recall": 0.9749698998795995, "learning_rate": 0.0001823856925932175, "loss": 0.1571066526696086, "step": 1180}
{"eval_acc": 0.98, "eval_f1": 0.9799919967987194, "eval_mcc": 0.9606197378632827, "eval_auc": 0.9874579498317992, "eval_precision": 0.9806560673612696, "eval_recall": 0.9799639198556793, "learning_rate": 0.0001820482537540071, "loss": 0.18392846155911685, "step": 1190}
{"eval_acc": 0.975, "eval_f1": 0.9749957742858544, "eval_mcc": 0.9502276048790977, "eval_auc": 0.9878759515038059, "eval_precision": 0.975249743852459, "eval_recall": 0.9749778999115997, "learning_rate": 0.00018171081491479671, "loss": 0.12876113019883634, "step": 1200}
{"eval_acc": 0.976, "eval_f1": 0.9759922214797594, "eval_mcc": 0.9524845991649906, "eval_auc": 0.9825459301837207, "eval_precision": 0.9765168534826258, "eval_recall": 0.9759679038716155, "learning_rate": 0.0001813733760755863, "loss": 0.11491540856659413, "step": 1210}
{"eval_acc": 0.976, "eval_f1": 0.9759922214797594, "eval_mcc": 0.9524845991649906, "eval_auc": 0.9839919359677437, "eval_precision": 0.9765168534826258, "eval_recall": 0.9759679038716155, "learning_rate": 0.0001810359372363759, "loss": 0.0929690876044333, "step": 1220}
{"eval_acc": 0.969, "eval_f1": 0.9689984809255654, "eval_mcc": 0.9380454176592882, "eval_auc": 0.9822839291357166, "eval_precision": 0.9690555439983357, "eval_recall": 0.9689898759595038, "learning_rate": 0.00018069849839716552, "loss": 0.11476683896034956, "step": 1230}
{"eval_acc": 0.963, "eval_f1": 0.9629492775609811, "eval_mcc": 0.9282670462746896, "eval_auc": 0.9807859231436925, "eval_precision": 0.9653403242408647, "eval_recall": 0.9629298517194069, "learning_rate": 0.00018036105955795512, "loss": 0.1138112960383296, "step": 1240}
{"eval_acc": 0.98, "eval_f1": 0.9799935178997995, "eval_mcc": 0.9604892431871686, "eval_auc": 0.9825399301597206, "eval_precision": 0.9805214828341563, "eval_recall": 0.9799679198716795, "learning_rate": 0.00018002362071874474, "loss": 0.15099294912070035, "step": 1250}
{"eval_acc": 0.98, "eval_f1": 0.9799919967987194, "eval_mcc": 0.9606197378632827, "eval_auc": 0.982619930479722, "eval_precision": 0.9806560673612696, "eval_recall": 0.9799639198556793, "learning_rate": 0.00017968618187953436, "loss": 0.10224008467048407, "step": 1260}
{"eval_acc": 0.979, "eval_f1": 0.9789907349140972, "eval_mcc": 0.9586891742113225, "eval_auc": 0.982813931255725, "eval_precision": 0.9797275641025641, "eval_recall": 0.9789619158476633, "learning_rate": 0.00017934874304032395, "loss": 0.05726154940202832, "step": 1270}
{"eval_acc": 0.979, "eval_f1": 0.9789924162622706, "eval_mcc": 0.9585512584574974, "eval_auc": 0.9822099288397154, "eval_precision": 0.9795855428635512, "eval_recall": 0.9789659158636634, "learning_rate": 0.00017901130420111357, "loss": 0.11940831243991852, "step": 1280}
{"eval_acc": 0.979, "eval_f1": 0.9789939292455521, "eval_mcc": 0.9584287570889115, "eval_auc": 0.9808479233916936, "eval_precision": 0.9794589659811648, "eval_recall": 0.9789699158796634, "learning_rate": 0.00017867386536190316, "loss": 0.11386116491630674, "step": 1290}
{"eval_acc": 0.945, "eval_f1": 0.9448331201885704, "eval_mcc": 0.8950208514239834, "eval_auc": 0.9757819031276126, "eval_precision": 0.9501424616729532, "eval_recall": 0.9448937795751182, "learning_rate": 0.00017833642652269278, "loss": 0.11234288159757852, "step": 1300}
{"eval_acc": 0.979, "eval_f1": 0.9789907349140972, "eval_mcc": 0.9586891742113225, "eval_auc": 0.9813339253357014, "eval_precision": 0.9797275641025641, "eval_recall": 0.9789619158476633, "learning_rate": 0.00017799898768348238, "loss": 0.11328437980264425, "step": 1310}
{"eval_acc": 0.978, "eval_f1": 0.9779956871546822, "eval_mcc": 0.9562731868816094, "eval_auc": 0.9838619354477417, "eval_precision": 0.9782973289944001, "eval_recall": 0.9779759119036475, "learning_rate": 0.00017766154884427197, "loss": 0.08020145241171121, "step": 1320}
{"eval_acc": 0.975, "eval_f1": 0.9749843652282677, "eval_mcc": 0.9510020859840951, "eval_auc": 0.9798859195436782, "eval_precision": 0.9760488164731542, "eval_recall": 0.9749538998155992, "learning_rate": 0.0001773241100050616, "loss": 0.11406150171533228, "step": 1330}
{"eval_acc": 0.979, "eval_f1": 0.9789939292455521, "eval_mcc": 0.9584287570889115, "eval_auc": 0.986945947783791, "eval_precision": 0.9794589659811648, "eval_recall": 0.9789699158796634, "learning_rate": 0.00017698667116585118, "loss": 0.10368374185636639, "step": 1340}
{"eval_acc": 0.98, "eval_f1": 0.9799948786889444, "eval_mcc": 0.9603741855509255, "eval_auc": 0.9846179384717538, "eval_precision": 0.9804023621259133, "eval_recall": 0.9799719198876795, "learning_rate": 0.0001766492323266408, "loss": 0.1255866212770343, "step": 1350}
{"eval_acc": 0.978, "eval_f1": 0.9779893468438724, "eval_mcc": 0.9567621485254472, "eval_auc": 0.9819439277757112, "eval_precision": 0.9788026078001595, "eval_recall": 0.9779599118396474, "learning_rate": 0.0001763117934874304, "loss": 0.09563228115439415, "step": 1360}
{"eval_acc": 0.98, "eval_f1": 0.9799935178997995, "eval_mcc": 0.9604892431871686, "eval_auc": 0.9826559306237227, "eval_precision": 0.9805214828341563, "eval_recall": 0.9799679198716795, "learning_rate": 0.00017597435464822002, "loss": 0.10259493459016085, "step": 1370}
{"eval_acc": 0.98, "eval_f1": 0.9799919967987194, "eval_mcc": 0.9606197378632827, "eval_auc": 0.9876239504958019, "eval_precision": 0.9806560673612696, "eval_recall": 0.9799639198556793, "learning_rate": 0.00017563691580900964, "loss": 0.12746162237599493, "step": 1380}
{"eval_acc": 0.98, "eval_f1": 0.9799919967987194, "eval_mcc": 0.9606197378632827, "eval_auc": 0.9861259445037781, "eval_precision": 0.9806560673612696, "eval_recall": 0.9799639198556793, "learning_rate": 0.00017529947696979923, "loss": 0.09433966595679522, "step": 1390}
{"eval_acc": 0.98, "eval_f1": 0.9799919967987194, "eval_mcc": 0.9606197378632827, "eval_auc": 0.9838859355437422, "eval_precision": 0.9806560673612696, "eval_recall": 0.9799639198556793, "learning_rate": 0.00017496203813058885, "loss": 0.15530360117554665, "step": 1400}
{"eval_acc": 0.973, "eval_f1": 0.972980302640625, "eval_mcc": 0.9471793451211122, "eval_auc": 0.9842239368957474, "eval_precision": 0.9742303187819865, "eval_recall": 0.9729498917995671, "learning_rate": 0.00017462459929137845, "loss": 0.0816968240775168, "step": 1410}
{"eval_acc": 0.979, "eval_f1": 0.9789939292455521, "eval_mcc": 0.9584287570889115, "eval_auc": 0.9858559434237738, "eval_precision": 0.9794589659811648, "eval_recall": 0.9789699158796634, "learning_rate": 0.00017428716045216807, "loss": 0.18435628917068242, "step": 1420}
{"eval_acc": 0.975, "eval_f1": 0.9749843652282677, "eval_mcc": 0.9510020859840951, "eval_auc": 0.9922999691998768, "eval_precision": 0.9760488164731542, "eval_recall": 0.9749538998155992, "learning_rate": 0.00017394972161295766, "loss": 0.046243855357170106, "step": 1430}
{"eval_acc": 0.979, "eval_f1": 0.9789924162622706, "eval_mcc": 0.9585512584574974, "eval_auc": 0.9915099660398641, "eval_precision": 0.9795855428635512, "eval_recall": 0.9789659158636634, "learning_rate": 0.00017361228277374725, "loss": 0.03923350446857512, "step": 1440}
{"eval_acc": 0.98, "eval_f1": 0.9799935178997995, "eval_mcc": 0.9604892431871686, "eval_auc": 0.9901099604398418, "eval_precision": 0.9805214828341563, "eval_recall": 0.9799679198716795, "learning_rate": 0.00017327484393453687, "loss": 0.06587400990538299, "step": 1450}
{"eval_acc": 0.974, "eval_f1": 0.9739824121105867, "eval_mcc": 0.9490889994590876, "eval_auc": 0.9826739306957227, "eval_precision": 0.9751378446115289, "eval_recall": 0.9739518958075832, "learning_rate": 0.00017293740509532647, "loss": 0.08523451630026102, "step": 1460}
{"eval_acc": 0.976, "eval_f1": 0.9759861680327868, "eval_mcc": 0.9529186256240358, "eval_auc": 0.9671578686314745, "eval_precision": 0.9769632542459845, "eval_recall": 0.9759559038236152, "learning_rate": 0.00017259996625611609, "loss": 0.11213784888386727, "step": 1470}
{"eval_acc": 0.979, "eval_f1": 0.9789924162622706, "eval_mcc": 0.9585512584574974, "eval_auc": 0.9743638974555897, "eval_precision": 0.9795855428635512, "eval_recall": 0.9789659158636634, "learning_rate": 0.0001722625274169057, "loss": 0.1638469597324729, "step": 1480}
{"eval_acc": 0.976, "eval_f1": 0.9759952950778352, "eval_mcc": 0.9522718261930296, "eval_auc": 0.9784199136796546, "eval_precision": 0.97629597607983, "eval_recall": 0.9759759039036155, "learning_rate": 0.0001719250885776953, "loss": 0.0999773021787405, "step": 1490}
{"eval_acc": 0.979, "eval_f1": 0.9789924162622706, "eval_mcc": 0.9585512584574974, "eval_auc": 0.9898459593838377, "eval_precision": 0.9795855428635512, "eval_recall": 0.9789659158636634, "learning_rate": 0.00017158764973848492, "loss": 0.09367481861263513, "step": 1500}
{"eval_acc": 0.977, "eval_f1": 0.9769961123429859, "eval_mcc": 0.9542287653793297, "eval_auc": 0.98937595750383, "eval_precision": 0.9772508965163935, "eval_recall": 0.9769779079116316, "learning_rate": 0.00017125021089927451, "loss": 0.1557048585265875, "step": 1510}
{"eval_acc": 0.973, "eval_f1": 0.972980302640625, "eval_mcc": 0.9471793451211122, "eval_auc": 0.9867899471597886, "eval_precision": 0.9742303187819865, "eval_recall": 0.9729498917995671, "learning_rate": 0.00017091277206006413, "loss": 0.1034133518114686, "step": 1520}
{"eval_acc": 0.98, "eval_f1": 0.9799919967987194, "eval_mcc": 0.9606197378632827, "eval_auc": 0.99000196000784, "eval_precision": 0.9806560673612696, "eval_recall": 0.9799639198556793, "learning_rate": 0.00017057533322085373, "loss": 0.11263520438224077, "step": 1530}
{"eval_acc": 0.978, "eval_f1": 0.9779956871546822, "eval_mcc": 0.9562731868816094, "eval_auc": 0.9856299425197701, "eval_precision": 0.9782973289944001, "eval_recall": 0.9779759119036475, "learning_rate": 0.00017023789438164332, "loss": 0.12721146810799838, "step": 1540}
{"eval_acc": 0.98, "eval_f1": 0.9799919967987194, "eval_mcc": 0.9606197378632827, "eval_auc": 0.982815931263725, "eval_precision": 0.9806560673612696, "eval_recall": 0.9799639198556793, "learning_rate": 0.00016990045554243294, "loss": 0.13413901515305043, "step": 1550}
{"eval_acc": 0.969, "eval_f1": 0.96897018034331, "eval_mcc": 0.9395746349654535, "eval_auc": 0.9807219228876916, "eval_precision": 0.9706342834203132, "eval_recall": 0.968941875767503, "learning_rate": 0.00016956301670322253, "loss": 0.1090043606236577, "step": 1560}
{"eval_acc": 0.971, "eval_f1": 0.9709755904715867, "eval_mcc": 0.9433702498517633, "eval_auc": 0.9779179116716468, "eval_precision": 0.9724255264509503, "eval_recall": 0.9709458837835352, "learning_rate": 0.00016922557786401215, "loss": 0.10362737756222487, "step": 1570}
{"eval_acc": 0.979, "eval_f1": 0.9789907349140972, "eval_mcc": 0.9586891742113225, "eval_auc": 0.9773319093276374, "eval_precision": 0.9797275641025641, "eval_recall": 0.9789619158476633, "learning_rate": 0.00016888813902480175, "loss": 0.13871204890310765, "step": 1580}
{"eval_acc": 0.978, "eval_f1": 0.9779911964785915, "eval_mcc": 0.9566168387260039, "eval_auc": 0.9806479225916905, "eval_precision": 0.9786531751849671, "eval_recall": 0.9779639118556473, "learning_rate": 0.00016855070018559137, "loss": 0.13765956573188304, "step": 1590}
{"eval_acc": 0.974, "eval_f1": 0.9739949030009881, "eval_mcc": 0.9482704655044499, "eval_auc": 0.9806999227996913, "eval_precision": 0.9742946231652596, "eval_recall": 0.9739758959035836, "learning_rate": 0.000168213261346381, "loss": 0.11350854728370904, "step": 1600}
{"eval_acc": 0.976, "eval_f1": 0.9759952950778352, "eval_mcc": 0.9522718261930296, "eval_auc": 0.98624794499178, "eval_precision": 0.97629597607983, "eval_recall": 0.9759759039036155, "learning_rate": 0.00016787582250717058, "loss": 0.09721646662801504, "step": 1610}
{"eval_acc": 0.979, "eval_f1": 0.9789939292455521, "eval_mcc": 0.9584287570889115, "eval_auc": 0.9874899499597999, "eval_precision": 0.9794589659811648, "eval_recall": 0.9789699158796634, "learning_rate": 0.0001675383836679602, "loss": 0.1295265879482031, "step": 1620}
{"eval_acc": 0.979, "eval_f1": 0.9789952739366357, "eval_mcc": 0.9583216516398366, "eval_auc": 0.9873899495597982, "eval_precision": 0.9793478086820067, "eval_recall": 0.9789739158956636, "learning_rate": 0.0001672009448287498, "loss": 0.14105072114616632, "step": 1630}
{"eval_acc": 0.974, "eval_f1": 0.9739990639663028, "eval_mcc": 0.9480292986157145, "eval_auc": 0.9843559374237496, "eval_precision": 0.9740374037403741, "eval_recall": 0.9739918959675838, "learning_rate": 0.00016686350598953942, "loss": 0.19176748245954514, "step": 1640}
{"eval_acc": 0.979, "eval_f1": 0.9789907349140972, "eval_mcc": 0.9586891742113225, "eval_auc": 0.9800819203276813, "eval_precision": 0.9797275641025641, "eval_recall": 0.9789619158476633, "learning_rate": 0.000166526067150329, "loss": 0.11440406031906605, "step": 1650}
{"eval_acc": 0.978, "eval_f1": 0.9779911964785915, "eval_mcc": 0.9566168387260039, "eval_auc": 0.9828519314077255, "eval_precision": 0.9786531751849671, "eval_recall": 0.9779639118556473, "learning_rate": 0.0001661886283111186, "loss": 0.09628268778324127, "step": 1660}
{"eval_acc": 0.978, "eval_f1": 0.9779911964785915, "eval_mcc": 0.9566168387260039, "eval_auc": 0.983817935271741, "eval_precision": 0.9786531751849671, "eval_recall": 0.9779639118556473, "learning_rate": 0.00016585118947190822, "loss": 0.17803679946810008, "step": 1670}
{"eval_acc": 0.977, "eval_f1": 0.976994823835363, "eval_mcc": 0.954320074714088, "eval_auc": 0.9824979299917199, "eval_precision": 0.9773462394517302, "eval_recall": 0.9769739078956315, "learning_rate": 0.00016551375063269782, "loss": 0.16938694790005684, "step": 1680}
{"eval_acc": 0.977, "eval_f1": 0.976994823835363, "eval_mcc": 0.954320074714088, "eval_auc": 0.9868279473117891, "eval_precision": 0.9773462394517302, "eval_recall": 0.9769739078956315, "learning_rate": 0.00016517631179348744, "loss": 0.15926465392112732, "step": 1690}
{"eval_acc": 0.966, "eval_f1": 0.9659651483118714, "eval_mcc": 0.9336741132611223, "eval_auc": 0.9897599590398362, "eval_precision": 0.9677359770959568, "eval_recall": 0.9659398637594551, "learning_rate": 0.00016483887295427706, "loss": 0.17790346778929234, "step": 1700}
{"eval_acc": 0.976, "eval_f1": 0.9759883783751336, "eval_mcc": 0.952758607843942, "eval_auc": 0.9875339501358006, "eval_precision": 0.9767990735657701, "eval_recall": 0.9759599038396154, "learning_rate": 0.00016450143411506665, "loss": 0.11393297724425792, "step": 1710}
{"eval_acc": 0.98, "eval_f1": 0.9799960792315293, "eval_mcc": 0.9602745475701892, "eval_auc": 0.9871139484557939, "eval_precision": 0.9802986819089705, "eval_recall": 0.9799759199036796, "learning_rate": 0.00016416399527585627, "loss": 0.08213181905448437, "step": 1720}
{"eval_acc": 0.983, "eval_f1": 0.9829950855797325, "eval_mcc": 0.9664328722455725, "eval_auc": 0.9863379453517813, "eval_precision": 0.9834630661797681, "eval_recall": 0.9829699318797275, "learning_rate": 0.00016382655643664586, "loss": 0.10186206214129925, "step": 1730}
{"eval_acc": 0.98, "eval_f1": 0.9799919967987194, "eval_mcc": 0.9606197378632827, "eval_auc": 0.9868499473997895, "eval_precision": 0.9806560673612696, "eval_recall": 0.9799639198556793, "learning_rate": 0.00016348911759743548, "loss": 0.11468289382755756, "step": 1740}
{"eval_acc": 0.98, "eval_f1": 0.9799919967987194, "eval_mcc": 0.9606197378632827, "eval_auc": 0.9859999439997761, "eval_precision": 0.9806560673612696, "eval_recall": 0.9799639198556793, "learning_rate": 0.00016315167875822508, "loss": 0.14283559042960406, "step": 1750}
{"eval_acc": 0.978, "eval_f1": 0.9779928696897794, "eval_mcc": 0.9564869211760796, "eval_auc": 0.9844719378877514, "eval_precision": 0.9785191681583911, "eval_recall": 0.9779679118716474, "learning_rate": 0.00016281423991901467, "loss": 0.16576862782239915, "step": 1760}
{"eval_acc": 0.962, "eval_f1": 0.9619986319507501, "eval_mcc": 0.9241204163004028, "eval_auc": 0.9827879311517246, "eval_precision": 0.9621045724962092, "eval_recall": 0.9620158480633922, "learning_rate": 0.0001624768010798043, "loss": 0.16152573991566896, "step": 1770}
{"eval_acc": 0.979, "eval_f1": 0.9789907349140972, "eval_mcc": 0.9586891742113225, "eval_auc": 0.9812639250557003, "eval_precision": 0.9797275641025641, "eval_recall": 0.9789619158476633, "learning_rate": 0.00016213936224059389, "loss": 0.10951036121696234, "step": 1780}
{"eval_acc": 0.979, "eval_f1": 0.9789952739366357, "eval_mcc": 0.9583216516398366, "eval_auc": 0.9852459409837638, "eval_precision": 0.9793478086820067, "eval_recall": 0.9789739158956636, "learning_rate": 0.0001618019234013835, "loss": 0.06808126345276833, "step": 1790}
{"eval_acc": 0.974, "eval_f1": 0.9739990639663028, "eval_mcc": 0.9480292986157145, "eval_auc": 0.9866699466797867, "eval_precision": 0.9740374037403741, "eval_recall": 0.9739918959675838, "learning_rate": 0.00016146448456217313, "loss": 0.09174994360655546, "step": 1800}
{"eval_acc": 0.979, "eval_f1": 0.9789952739366357, "eval_mcc": 0.9583216516398366, "eval_auc": 0.9883359533438134, "eval_precision": 0.9793478086820067, "eval_recall": 0.9789739158956636, "learning_rate": 0.00016112704572296272, "loss": 0.17330551631748675, "step": 1810}
{"eval_acc": 0.979, "eval_f1": 0.9789939292455521, "eval_mcc": 0.9584287570889115, "eval_auc": 0.9902219608878434, "eval_precision": 0.9794589659811648, "eval_recall": 0.9789699158796634, "learning_rate": 0.00016078960688375234, "loss": 0.08766355011612177, "step": 1820}
{"eval_acc": 0.977, "eval_f1": 0.9769916940015345, "eval_mcc": 0.9545486559301363, "eval_auc": 0.9891399565598261, "eval_precision": 0.97758294749996, "eval_recall": 0.9769659078636315, "learning_rate": 0.00016045216804454193, "loss": 0.10433638226240874, "step": 1830}
{"eval_acc": 0.98, "eval_f1": 0.9799971195852202, "eval_mcc": 0.9601903140968702, "eval_auc": 0.985185940743763, "eval_precision": 0.9802104218441725, "eval_recall": 0.9799799199196797, "learning_rate": 0.00016011472920533155, "loss": 0.11726770866662264, "step": 1840}
{"eval_acc": 0.976, "eval_f1": 0.9759965435022642, "eval_mcc": 0.9521883613898973, "eval_auc": 0.9854959419837678, "eval_precision": 0.9762084849066948, "eval_recall": 0.9759799039196156, "learning_rate": 0.00015977729036612115, "loss": 0.13106488939374686, "step": 1850}
{"eval_acc": 0.979, "eval_f1": 0.9789974586925019, "eval_mcc": 0.9581535658058138, "eval_auc": 0.9835819343277373, "eval_precision": 0.979171668667467, "eval_recall": 0.9789819159276637, "learning_rate": 0.00015943985152691074, "loss": 0.09912067092955112, "step": 1860}
{"eval_acc": 0.979, "eval_f1": 0.9789952739366357, "eval_mcc": 0.9583216516398366, "eval_auc": 0.9854539418157672, "eval_precision": 0.9793478086820067, "eval_recall": 0.9789739158956636, "learning_rate": 0.00015910241268770036, "loss": 0.13469584742560983, "step": 1870}
{"eval_acc": 0.978, "eval_f1": 0.9779968315437422, "eval_mcc": 0.9561893377433837, "eval_auc": 0.9873879495517982, "eval_precision": 0.9782094533754337, "eval_recall": 0.9779799119196477, "learning_rate": 0.00015876497384848995, "loss": 0.06634922446683049, "step": 1880}
{"eval_acc": 0.98, "eval_f1": 0.9799948786889444, "eval_mcc": 0.9603741855509255, "eval_auc": 0.9832519330077321, "eval_precision": 0.9804023621259133, "eval_recall": 0.9799719198876795, "learning_rate": 0.00015842753500927957, "loss": 0.12600273005664347, "step": 1890}
{"eval_acc": 0.98, "eval_f1": 0.9799948786889444, "eval_mcc": 0.9603741855509255, "eval_auc": 0.9804279217116867, "eval_precision": 0.9804023621259133, "eval_recall": 0.9799719198876795, "learning_rate": 0.00015809009617006917, "loss": 0.09062390951439739, "step": 1900}
{"eval_acc": 0.978, "eval_f1": 0.9779968315437422, "eval_mcc": 0.9561893377433837, "eval_auc": 0.9833019332077327, "eval_precision": 0.9782094533754337, "eval_recall": 0.9779799119196477, "learning_rate": 0.0001577526573308588, "loss": 0.1498490208759904, "step": 1910}
{"eval_acc": 0.979, "eval_f1": 0.9789964504001176, "eval_mcc": 0.9582299258795617, "eval_auc": 0.9823859295437181, "eval_precision": 0.9792520491803278, "eval_recall": 0.9789779159116636, "learning_rate": 0.0001574152184916484, "loss": 0.09124354496598244, "step": 1920}
{"eval_acc": 0.979, "eval_f1": 0.9789964504001176, "eval_mcc": 0.9582299258795617, "eval_auc": 0.9829659318637273, "eval_precision": 0.9792520491803278, "eval_recall": 0.9789779159116636, "learning_rate": 0.000157077779652438, "loss": 0.1205549605190754, "step": 1930}
{"eval_acc": 0.979, "eval_f1": 0.9789924162622706, "eval_mcc": 0.9585512584574974, "eval_auc": 0.9789699158796634, "eval_precision": 0.9795855428635512, "eval_recall": 0.9789659158636634, "learning_rate": 0.00015674034081322762, "loss": 0.1163643783889711, "step": 1940}
{"eval_acc": 0.979, "eval_f1": 0.9789939292455521, "eval_mcc": 0.9584287570889115, "eval_auc": 0.9783239132956532, "eval_precision": 0.9794589659811648, "eval_recall": 0.9789699158796634, "learning_rate": 0.00015640290197401722, "loss": 0.15166367795318364, "step": 1950}
{"eval_acc": 0.955, "eval_f1": 0.9549086900974473, "eval_mcc": 0.9133692588548641, "eval_auc": 0.9738878955515821, "eval_precision": 0.9584623323013416, "eval_recall": 0.9549138196552787, "learning_rate": 0.00015606546313480684, "loss": 0.19215139374136925, "step": 1960}
{"eval_acc": 0.978, "eval_f1": 0.9779968315437422, "eval_mcc": 0.9561893377433837, "eval_auc": 0.9831279325117299, "eval_precision": 0.9782094533754337, "eval_recall": 0.9779799119196477, "learning_rate": 0.00015572802429559643, "loss": 0.07937072943896055, "step": 1970}
{"eval_acc": 0.978, "eval_f1": 0.9779956871546822, "eval_mcc": 0.9562731868816094, "eval_auc": 0.9842139368557474, "eval_precision": 0.9782973289944001, "eval_recall": 0.9779759119036475, "learning_rate": 0.00015539058545638602, "loss": 0.08633009744808078, "step": 1980}
{"eval_acc": 0.978, "eval_f1": 0.9779928696897794, "eval_mcc": 0.9564869211760796, "eval_auc": 0.986373945495782, "eval_precision": 0.9785191681583911, "eval_recall": 0.9779679118716474, "learning_rate": 0.00015505314661717564, "loss": 0.09320418480783701, "step": 1990}
{"eval_acc": 0.979, "eval_f1": 0.9789939292455521, "eval_mcc": 0.9584287570889115, "eval_auc": 0.984563938255753, "eval_precision": 0.9794589659811648, "eval_recall": 0.9789699158796634, "learning_rate": 0.00015471570777796524, "loss": 0.13658405961468817, "step": 2000}
{"eval_acc": 0.976, "eval_f1": 0.9759883783751336, "eval_mcc": 0.952758607843942, "eval_auc": 0.9868099472397889, "eval_precision": 0.9767990735657701, "eval_recall": 0.9759599038396154, "learning_rate": 0.00015437826893875486, "loss": 0.11651734830811619, "step": 2010}
{"eval_acc": 0.975, "eval_f1": 0.9749867680002722, "eval_mcc": 0.950834753780596, "eval_auc": 0.9905459621838487, "eval_precision": 0.9758772984497988, "eval_recall": 0.9749578998315993, "learning_rate": 0.00015404083009954448, "loss": 0.18045352641493081, "step": 2020}
{"eval_acc": 0.977, "eval_f1": 0.9769898525249635, "eval_mcc": 0.9546859623597636, "eval_auc": 0.9882559530238121, "eval_precision": 0.9777243589743589, "eval_recall": 0.9769619078476314, "learning_rate": 0.00015370339126033407, "loss": 0.061954953521490094, "step": 2030}
{"eval_acc": 0.982, "eval_f1": 0.9819941661098195, "eval_mcc": 0.9644915651982575, "eval_auc": 0.97751191004764, "eval_precision": 0.9825237975099215, "eval_recall": 0.9819679278717115, "learning_rate": 0.0001533659524211237, "loss": 0.13093906957656146, "step": 2040}
{"eval_acc": 0.98, "eval_f1": 0.9799935178997995, "eval_mcc": 0.9604892431871686, "eval_auc": 0.976695906783627, "eval_precision": 0.9805214828341563, "eval_recall": 0.9799679198716795, "learning_rate": 0.00015302851358191328, "loss": 0.09296506363898516, "step": 2050}
{"eval_acc": 0.979, "eval_f1": 0.9789907349140972, "eval_mcc": 0.9586891742113225, "eval_auc": 0.9754779019116077, "eval_precision": 0.9797275641025641, "eval_recall": 0.9789619158476633, "learning_rate": 0.0001526910747427029, "loss": 0.11071277149021626, "step": 2060}
{"eval_acc": 0.979, "eval_f1": 0.9789907349140972, "eval_mcc": 0.9586891742113225, "eval_auc": 0.9764679058716235, "eval_precision": 0.9797275641025641, "eval_recall": 0.9789619158476633, "learning_rate": 0.0001523536359034925, "loss": 0.05132602639496327, "step": 2070}
{"eval_acc": 0.979, "eval_f1": 0.9789907349140972, "eval_mcc": 0.9586891742113225, "eval_auc": 0.98624994499978, "eval_precision": 0.9797275641025641, "eval_recall": 0.9789619158476633, "learning_rate": 0.0001520161970642821, "loss": 0.07003131061792374, "step": 2080}
{"eval_acc": 0.98, "eval_f1": 0.9799919967987194, "eval_mcc": 0.9606197378632827, "eval_auc": 0.9904959619838478, "eval_precision": 0.9806560673612696, "eval_recall": 0.9799639198556793, "learning_rate": 0.0001516787582250717, "loss": 0.11762191262096167, "step": 2090}
{"eval_acc": 0.982, "eval_f1": 0.9819941661098195, "eval_mcc": 0.9644915651982575, "eval_auc": 0.9898599594398378, "eval_precision": 0.9825237975099215, "eval_recall": 0.9819679278717115, "learning_rate": 0.0001513413193858613, "loss": 0.097240767814219, "step": 2100}
{"eval_acc": 0.98, "eval_f1": 0.9799948786889444, "eval_mcc": 0.9603741855509255, "eval_auc": 0.9845179380717523, "eval_precision": 0.9804023621259133, "eval_recall": 0.9799719198876795, "learning_rate": 0.00015100388054665093, "loss": 0.16069350400939583, "step": 2110}
{"eval_acc": 0.981, "eval_f1": 0.9809957240379085, "eval_mcc": 0.9623232285655853, "eval_auc": 0.9828499313997254, "eval_precision": 0.9813493779122833, "eval_recall": 0.9809739238956956, "learning_rate": 0.00015066644170744052, "loss": 0.10958479344844818, "step": 2120}
{"eval_acc": 0.981, "eval_f1": 0.9809957240379085, "eval_mcc": 0.9623232285655853, "eval_auc": 0.9877379509518037, "eval_precision": 0.9813493779122833, "eval_recall": 0.9809739238956956, "learning_rate": 0.00015032900286823014, "loss": 0.09829454515129328, "step": 2130}
